    1C
    1UBeam Analysis with 0 Internal Ribs                                
    1UStatic Linear Analysis                                            
    1UUSER                                                              
    1UDATE              27.june.2026                                    
    1UTIME              15:41:55                                        
    1UHOST                                                              
    1UPGM               CalculiX                                        
    1UVERSION           Version 2.17                             
    1UCOMPILETIME       Thu Jul 23 21:43:50 CEST 2020                    
    1UDIR                                                               
    1UDBN                                                               
    1UMAT    1STEEL                                                     
    2C                            99                                     1
 -1         1 0.00000E+00 0.00000E+00 0.00000E+00
 -1         2 0.00000E+00 0.00000E+00 1.00000E+02
 -1         3 0.00000E+00 0.00000E+00 2.00000E+02
 -1         4 0.00000E+00 6.00000E+01 0.00000E+00
 -1         5 0.00000E+00 6.00000E+01 1.00000E+02
 -1         6 0.00000E+00 6.00000E+01 2.00000E+02
 -1         7 0.00000E+00 1.20000E+02 0.00000E+00
 -1         8 0.00000E+00 1.20000E+02 1.00000E+02
 -1         9 0.00000E+00 1.20000E+02 2.00000E+02
 -1        10 2.00000E+02 0.00000E+00 0.00000E+00
 -1        11 2.00000E+02 0.00000E+00 1.00000E+02
 -1        12 2.00000E+02 0.00000E+00 2.00000E+02
 -1        13 2.00000E+02 6.00000E+01 0.00000E+00
 -1        14 2.00000E+02 6.00000E+01 1.00000E+02
 -1        15 2.00000E+02 6.00000E+01 2.00000E+02
 -1        16 2.00000E+02 1.20000E+02 0.00000E+00
 -1        17 2.00000E+02 1.20000E+02 1.00000E+02
 -1        18 2.00000E+02 1.20000E+02 2.00000E+02
 -1        19 4.00000E+02 0.00000E+00 0.00000E+00
 -1        20 4.00000E+02 0.00000E+00 1.00000E+02
 -1        21 4.00000E+02 0.00000E+00 2.00000E+02
 -1        22 4.00000E+02 6.00000E+01 0.00000E+00
 -1        23 4.00000E+02 6.00000E+01 1.00000E+02
 -1        24 4.00000E+02 6.00000E+01 2.00000E+02
 -1        25 4.00000E+02 1.20000E+02 0.00000E+00
 -1        26 4.00000E+02 1.20000E+02 1.00000E+02
 -1        27 4.00000E+02 1.20000E+02 2.00000E+02
 -1        28 6.00000E+02 0.00000E+00 0.00000E+00
 -1        29 6.00000E+02 0.00000E+00 1.00000E+02
 -1        30 6.00000E+02 0.00000E+00 2.00000E+02
 -1        31 6.00000E+02 6.00000E+01 0.00000E+00
 -1        32 6.00000E+02 6.00000E+01 1.00000E+02
 -1        33 6.00000E+02 6.00000E+01 2.00000E+02
 -1        34 6.00000E+02 1.20000E+02 0.00000E+00
 -1        35 6.00000E+02 1.20000E+02 1.00000E+02
 -1        36 6.00000E+02 1.20000E+02 2.00000E+02
 -1        37 8.00000E+02 0.00000E+00 0.00000E+00
 -1        38 8.00000E+02 0.00000E+00 1.00000E+02
 -1        39 8.00000E+02 0.00000E+00 2.00000E+02
 -1        40 8.00000E+02 6.00000E+01 0.00000E+00
 -1        41 8.00000E+02 6.00000E+01 1.00000E+02
 -1        42 8.00000E+02 6.00000E+01 2.00000E+02
 -1        43 8.00000E+02 1.20000E+02 0.00000E+00
 -1        44 8.00000E+02 1.20000E+02 1.00000E+02
 -1        45 8.00000E+02 1.20000E+02 2.00000E+02
 -1        46 1.00000E+03 0.00000E+00 0.00000E+00
 -1        47 1.00000E+03 0.00000E+00 1.00000E+02
 -1        48 1.00000E+03 0.00000E+00 2.00000E+02
 -1        49 1.00000E+03 6.00000E+01 0.00000E+00
 -1        50 1.00000E+03 6.00000E+01 1.00000E+02
 -1        51 1.00000E+03 6.00000E+01 2.00000E+02
 -1        52 1.00000E+03 1.20000E+02 0.00000E+00
 -1        53 1.00000E+03 1.20000E+02 1.00000E+02
 -1        54 1.00000E+03 1.20000E+02 2.00000E+02
 -1        55 1.20000E+03 0.00000E+00 0.00000E+00
 -1        56 1.20000E+03 0.00000E+00 1.00000E+02
 -1        57 1.20000E+03 0.00000E+00 2.00000E+02
 -1        58 1.20000E+03 6.00000E+01 0.00000E+00
 -1        59 1.20000E+03 6.00000E+01 1.00000E+02
 -1        60 1.20000E+03 6.00000E+01 2.00000E+02
 -1        61 1.20000E+03 1.20000E+02 0.00000E+00
 -1        62 1.20000E+03 1.20000E+02 1.00000E+02
 -1        63 1.20000E+03 1.20000E+02 2.00000E+02
 -1        64 1.40000E+03 0.00000E+00 0.00000E+00
 -1        65 1.40000E+03 0.00000E+00 1.00000E+02
 -1        66 1.40000E+03 0.00000E+00 2.00000E+02
 -1        67 1.40000E+03 6.00000E+01 0.00000E+00
 -1        68 1.40000E+03 6.00000E+01 1.00000E+02
 -1        69 1.40000E+03 6.00000E+01 2.00000E+02
 -1        70 1.40000E+03 1.20000E+02 0.00000E+00
 -1        71 1.40000E+03 1.20000E+02 1.00000E+02
 -1        72 1.40000E+03 1.20000E+02 2.00000E+02
 -1        73 1.60000E+03 0.00000E+00 0.00000E+00
 -1        74 1.60000E+03 0.00000E+00 1.00000E+02
 -1        75 1.60000E+03 0.00000E+00 2.00000E+02
 -1        76 1.60000E+03 6.00000E+01 0.00000E+00
 -1        77 1.60000E+03 6.00000E+01 1.00000E+02
 -1        78 1.60000E+03 6.00000E+01 2.00000E+02
 -1        79 1.60000E+03 1.20000E+02 0.00000E+00
 -1        80 1.60000E+03 1.20000E+02 1.00000E+02
 -1        81 1.60000E+03 1.20000E+02 2.00000E+02
 -1        82 1.80000E+03 0.00000E+00 0.00000E+00
 -1        83 1.80000E+03 0.00000E+00 1.00000E+02
 -1        84 1.80000E+03 0.00000E+00 2.00000E+02
 -1        85 1.80000E+03 6.00000E+01 0.00000E+00
 -1        86 1.80000E+03 6.00000E+01 1.00000E+02
 -1        87 1.80000E+03 6.00000E+01 2.00000E+02
 -1        88 1.80000E+03 1.20000E+02 0.00000E+00
 -1        89 1.80000E+03 1.20000E+02 1.00000E+02
 -1        90 1.80000E+03 1.20000E+02 2.00000E+02
 -1        91 2.00000E+03 0.00000E+00 0.00000E+00
 -1        92 2.00000E+03 0.00000E+00 1.00000E+02
 -1        93 2.00000E+03 0.00000E+00 2.00000E+02
 -1        94 2.00000E+03 6.00000E+01 0.00000E+00
 -1        95 2.00000E+03 6.00000E+01 1.00000E+02
 -1        96 2.00000E+03 6.00000E+01 2.00000E+02
 -1        97 2.00000E+03 1.20000E+02 0.00000E+00
 -1        98 2.00000E+03 1.20000E+02 1.00000E+02
 -1        99 2.00000E+03 1.20000E+02 2.00000E+02
 -3
    3C                            40                                     1
 -1         1    1    0    1
 -2         1        10        13         4         2        11        14         5
 -1         2    1    0    1
 -2         2        11        14         5         3        12        15         6
 -1         3    1    0    1
 -2         4        13        16         7         5        14        17         8
 -1         4    1    0    1
 -2         5        14        17         8         6        15        18         9
 -1         5    1    0    1
 -2        10        19        22        13        11        20        23        14
 -1         6    1    0    1
 -2        11        20        23        14        12        21        24        15
 -1         7    1    0    1
 -2        13        22        25        16        14        23        26        17
 -1         8    1    0    1
 -2        14        23        26        17        15        24        27        18
 -1         9    1    0    1
 -2        19        28        31        22        20        29        32        23
 -1        10    1    0    1
 -2        20        29        32        23        21        30        33        24
 -1        11    1    0    1
 -2        22        31        34        25        23        32        35        26
 -1        12    1    0    1
 -2        23        32        35        26        24        33        36        27
 -1        13    1    0    1
 -2        28        37        40        31        29        38        41        32
 -1        14    1    0    1
 -2        29        38        41        32        30        39        42        33
 -1        15    1    0    1
 -2        31        40        43        34        32        41        44        35
 -1        16    1    0    1
 -2        32        41        44        35        33        42        45        36
 -1        17    1    0    1
 -2        37        46        49        40        38        47        50        41
 -1        18    1    0    1
 -2        38        47        50        41        39        48        51        42
 -1        19    1    0    1
 -2        40        49        52        43        41        50        53        44
 -1        20    1    0    1
 -2        41        50        53        44        42        51        54        45
 -1        21    1    0    1
 -2        46        55        58        49        47        56        59        50
 -1        22    1    0    1
 -2        47        56        59        50        48        57        60        51
 -1        23    1    0    1
 -2        49        58        61        52        50        59        62        53
 -1        24    1    0    1
 -2        50        59        62        53        51        60        63        54
 -1        25    1    0    1
 -2        55        64        67        58        56        65        68        59
 -1        26    1    0    1
 -2        56        65        68        59        57        66        69        60
 -1        27    1    0    1
 -2        58        67        70        61        59        68        71        62
 -1        28    1    0    1
 -2        59        68        71        62        60        69        72        63
 -1        29    1    0    1
 -2        64        73        76        67        65        74        77        68
 -1        30    1    0    1
 -2        65        74        77        68        66        75        78        69
 -1        31    1    0    1
 -2        67        76        79        70        68        77        80        71
 -1        32    1    0    1
 -2        68        77        80        71        69        78        81        72
 -1        33    1    0    1
 -2        73        82        85        76        74        83        86        77
 -1        34    1    0    1
 -2        74        83        86        77        75        84        87        78
 -1        35    1    0    1
 -2        76        85        88        79        77        86        89        80
 -1        36    1    0    1
 -2        77        86        89        80        78        87        90        81
 -1        37    1    0    1
 -2        82        91        94        85        83        92        95        86
 -1        38    1    0    1
 -2        83        92        95        86        84        93        96        87
 -1        39    1    0    1
 -2        85        94        97        88        86        95        98        89
 -1        40    1    0    1
 -2        86        95        98        89        87        96        99        90
 -3
    1PSTEP                         1           1           1          
  100CL  101 1.000000000          99                     0    1           1
 -4  DISP        4    1
 -5  D1          1    2    1    0
 -5  D2          1    2    2    0
 -5  D3          1    2    3    0
 -5  ALL         1    2    0    0    1ALL
 -1         1 0.00000E+00 0.00000E+00 0.00000E+00
 -1         2 0.00000E+00 0.00000E+00 0.00000E+00
 -1         3 0.00000E+00 0.00000E+00 0.00000E+00
 -1         4 0.00000E+00 0.00000E+00 0.00000E+00
 -1         5 0.00000E+00 0.00000E+00 0.00000E+00
 -1         6 0.00000E+00 0.00000E+00 0.00000E+00
 -1         7 0.00000E+00 0.00000E+00 0.00000E+00
 -1         8 0.00000E+00 0.00000E+00 0.00000E+00
 -1         9 0.00000E+00 0.00000E+00 0.00000E+00
 -1        10-2.91530E-01-4.26079E-02-3.13061E-01
 -1        11 5.53395E-13 1.02953E-12-2.73560E-01
 -1        12 2.91530E-01 4.26079E-02-3.13061E-01
 -1        13-2.85917E-01 8.66272E-13-3.25387E-01
 -1        14 1.66584E-15 9.76670E-13-2.85885E-01
 -1        15 2.85917E-01 9.04315E-13-3.25387E-01
 -1        16-2.91530E-01 4.26079E-02-3.13061E-01
 -1        17-5.49102E-13 1.02742E-12-2.73560E-01
 -1        18 2.91530E-01-4.26079E-02-3.13061E-01
 -1        19-5.56890E-01-9.71448E-03-1.15975E+00
 -1        20 1.09750E-12 3.73568E-12-1.15736E+00
 -1        21 5.56890E-01 9.71448E-03-1.15975E+00
 -1        22-5.65840E-01 3.65024E-12-1.16326E+00
 -1        23 3.27829E-15 3.74136E-12-1.16087E+00
 -1        24 5.65840E-01 3.73215E-12-1.16326E+00
 -1        25-5.56890E-01 9.71448E-03-1.15975E+00
 -1        26-1.09532E-12 3.73191E-12-1.15736E+00
 -1        27 5.56890E-01-9.71448E-03-1.15975E+00
 -1        28-7.95414E-01-2.66140E-02-2.53434E+00
 -1        29 1.49262E-12 8.06704E-12-2.50540E+00
 -1        30 7.95414E-01 2.66140E-02-2.53434E+00
 -1        31-7.86911E-01 7.92014E-12-2.54178E+00
 -1        32 6.44537E-15 8.02169E-12-2.51284E+00
 -1        33 7.86911E-01 8.04407E-12-2.54178E+00
 -1        34-7.95414E-01 2.66140E-02-2.53434E+00
 -1        35-1.47959E-12 8.06832E-12-2.50540E+00
 -1        36 7.95414E-01-2.66140E-02-2.53434E+00
 -1        37-9.94035E-01-1.14467E-02-4.32341E+00
 -1        38 1.86319E-12 1.36267E-11-4.32041E+00
 -1        39 9.94035E-01 1.14467E-02-4.32341E+00
 -1        40-1.00260E+00 1.35142E-11-4.32723E+00
 -1        41 4.52416E-15 1.36427E-11-4.32423E+00
 -1        42 1.00260E+00 1.36750E-11-4.32723E+00
 -1        43-9.94035E-01 1.14467E-02-4.32341E+00
 -1        44-1.85235E-12 1.36244E-11-4.32041E+00
 -1        45 9.94035E-01-1.14467E-02-4.32341E+00
 -1        46-1.17104E+00-1.65597E-02-6.50822E+00
 -1        47 2.12527E-12 2.02752E-11-6.48822E+00
 -1        48 1.17104E+00 1.65597E-02-6.50822E+00
 -1        49-1.16444E+00 2.01315E-11-6.51304E+00
 -1        50 1.01585E-14 2.02394E-11-6.49303E+00
 -1        51 1.16444E+00 2.02939E-11-6.51304E+00
 -1        52-1.17104E+00 1.65597E-02-6.50822E+00
 -1        53-2.10698E-12 2.02667E-11-6.48822E+00
 -1        54 1.17104E+00-1.65597E-02-6.50822E+00
 -1        55-1.30747E+00-8.85366E-03-8.98952E+00
 -1        56 2.33585E-12 2.76852E-11-8.98737E+00
 -1        57 1.30747E+00 8.85366E-03-8.98952E+00
 -1        58-1.31370E+00 2.75869E-11-8.99205E+00
 -1        59 8.15396E-15 2.76828E-11-8.98990E+00
 -1        60 1.31370E+00 2.77305E-11-8.99205E+00
 -1        61-1.30747E+00 8.85366E-03-8.98952E+00
 -1        62-2.31555E-12 2.76541E-11-8.98737E+00
 -1        63 1.30747E+00-8.85366E-03-8.98952E+00
 -1        64-1.42097E+00-9.61514E-03-1.17343E+01
 -1        65 2.45240E-12 3.56482E-11-1.17219E+01
 -1        66 1.42097E+00 9.61514E-03-1.17343E+01
 -1        67-1.41647E+00 3.55588E-11-1.17376E+01
 -1        68 8.05953E-15 3.55985E-11-1.17252E+01
 -1        69 1.41647E+00 3.56581E-11-1.17376E+01
 -1        70-1.42097E+00 9.61514E-03-1.17343E+01
 -1        71-2.42861E-12 3.56376E-11-1.17219E+01
 -1        72 1.42097E+00-9.61514E-03-1.17343E+01
 -1        73-1.49556E+00-4.02854E-03-1.46571E+01
 -1        74 2.49412E-12 4.38439E-11-1.46569E+01
 -1        75 1.49556E+00 4.02854E-03-1.46571E+01
 -1        76-1.50035E+00 4.38123E-11-1.46575E+01
 -1        77 1.32672E-14 4.38283E-11-1.46573E+01
 -1        78 1.50035E+00 4.38857E-11-1.46575E+01
 -1        79-1.49556E+00 4.02854E-03-1.46571E+01
 -1        80-2.46503E-12 4.38182E-11-1.46569E+01
 -1        81 1.49556E+00-4.02854E-03-1.46571E+01
 -1        82-1.54627E+00-4.28968E-03-1.77117E+01
 -1        83 2.49262E-12 5.21293E-11-1.77060E+01
 -1        84 1.54627E+00 4.28968E-03-1.77117E+01
 -1        85-1.54224E+00 5.20929E-11-1.77143E+01
 -1        86 1.28077E-14 5.20811E-11-1.77086E+01
 -1        87 1.54224E+00 5.21014E-11-1.77143E+01
 -1        88-1.54627E+00 4.28968E-03-1.77117E+01
 -1        89-2.47638E-12 5.20985E-11-1.77060E+01
 -1        90 1.54627E+00-4.28968E-03-1.77117E+01
 -1        91-1.55750E+00 1.98961E-03-2.08290E+01
 -1        92 2.49551E-12 6.03764E-11-2.08244E+01
 -1        93 1.55750E+00-1.98961E-03-2.08290E+01
 -1        94-1.56311E+00 6.03633E-11-2.08194E+01
 -1        95 1.81244E-14 6.03735E-11-2.08291E+01
 -1        96 1.56311E+00 6.03810E-11-2.08194E+01
 -1        97-1.55750E+00-1.98961E-03-2.08290E+01
 -1        98-2.44760E-12 6.03322E-11-2.08244E+01
 -1        99 1.55750E+00 1.98961E-03-2.08290E+01
 -3
    1PSTEP                         2           1           1          
  100CL  101 1.000000000          99                     0    1           1
 -4  STRESS      6    1
 -5  SXX         1    4    1    1
 -5  SYY         1    4    2    2
 -5  SZZ         1    4    3    3
 -5  SXY         1    4    1    2
 -5  SYZ         1    4    2    3
 -5  SZX         1    4    3    1
 -1         1-1.49030E+02-9.59727E+00-6.50047E+00-2.31564E+00 2.95328E-01-4.16667E+00
 -1         2 2.94065E-10 6.88427E-12 2.90346E-11 6.08957E-12 2.95328E-01-4.16667E+00
 -1         3 1.49030E+02 9.59727E+00 6.50047E+00 2.31564E+00 2.95328E-01-4.16667E+00
 -1         4-1.49030E+02-9.59727E+00-6.50047E+00 3.90910E-12-2.41898E-12-4.16667E+00
 -1         5 1.57030E-12-8.88178E-15 3.32179E-13 6.30285E-12-3.14679E-13-4.16667E+00
 -1         6 1.49030E+02 9.59727E+00 6.50047E+00 8.69660E-12 1.78965E-12-4.16667E+00
 -1         7-1.49030E+02-9.59727E+00-6.50047E+00 2.31564E+00-2.95328E-01-4.16667E+00
 -1         8-2.90925E-10-6.90203E-12-2.83702E-11 6.51612E-12-2.95328E-01-4.16667E+00
 -1         9 1.49030E+02 9.59727E+00 6.50047E+00-2.31564E+00-2.95328E-01-4.16667E+00
 -1        10-1.40956E+02-1.50189E+00-6.17174E-01-1.03019E-01 1.02167E-01-4.16667E+00
 -1        11 2.73843E-10 4.52305E-13 7.85860E-12 6.36535E-12 1.02167E-01-4.16667E+00
 -1        12 1.40956E+02 1.50189E+00 6.17174E-01 1.03019E-01 1.02167E-01-4.16667E+00
 -1        13-1.40956E+02-1.50189E+00-6.17174E-01 4.09961E-12-1.08710E-12-4.16667E+00
 -1        14 1.59162E-12-7.43849E-14 8.88178E-14 6.34542E-12 8.12891E-15-4.16667E+00
 -1        15 1.40956E+02 1.50189E+00 6.17174E-01 8.59124E-12 1.10337E-12-4.16667E+00
 -1        16-1.40956E+02-1.50189E+00-6.17174E-01 1.03019E-01-1.02167E-01-4.16667E+00
 -1        17-2.70660E-10-6.01075E-13-7.68097E-12 6.32550E-12-1.02167E-01-4.16667E+00
 -1        18 1.40956E+02 1.50189E+00 6.17174E-01-1.03019E-01-1.02167E-01-4.16667E+00
 -1        19-1.25238E+02 7.67409E-01 5.12866E-01 1.63887E-01-6.15590E-02-4.16667E+00
 -1        20 2.34046E-10-1.71640E-13-2.84084E-12 6.28564E-12-6.15590E-02-4.16667E+00
 -1        21 1.25238E+02-7.67409E-01-5.12866E-01-1.63887E-01-6.15590E-02-4.16667E+00
 -1        22-1.25238E+02 7.67409E-01 5.12866E-01 4.21063E-12 3.63241E-13-4.16667E+00
 -1        23 1.74083E-12 3.34066E-13-5.25691E-13 6.36538E-12 3.32243E-14-4.16667E+00
 -1        24 1.25238E+02-7.67409E-01-5.12866E-01 8.52013E-12-2.96790E-13-4.16667E+00
 -1        25-1.25238E+02 7.67409E-01 5.12866E-01-1.63887E-01 6.15590E-02-4.16667E+00
 -1        26-2.30564E-10 8.39773E-13 1.78946E-12 6.44512E-12 6.15590E-02-4.16667E+00
 -1        27 1.25238E+02-7.67409E-01-5.12866E-01 1.63887E-01 6.15590E-02-4.16667E+00
 -1        28-1.09627E+02-9.18986E-01-4.22864E-01-1.65617E-01 3.64418E-02-4.16667E+00
 -1        29 1.94941E-10 6.31828E-13 2.95797E-12 6.12371E-12 3.64418E-02-4.16667E+00
 -1        30 1.09627E+02 9.18986E-01 4.22864E-01 1.65617E-01 3.64418E-02-4.16667E+00
 -1        31-1.09627E+02-9.18986E-01-4.22864E-01 3.90488E-12-1.65732E-13-4.16667E+00
 -1        32 1.62714E-12 8.04912E-15-5.41234E-14 6.09923E-12-1.55619E-13-4.16667E+00
 -1        33 1.09627E+02 9.18986E-01 4.22864E-01 8.29359E-12-1.45505E-13-4.16667E+00
 -1        34-1.09627E+02-9.18986E-01-4.22864E-01 1.65617E-01-3.64418E-02-4.16667E+00
 -1        35-1.91687E-10-6.15730E-13-3.06621E-12 6.07475E-12-3.64418E-02-4.16667E+00
 -1        36 1.09627E+02 9.18986E-01 4.22864E-01-1.65617E-01-3.64418E-02-4.16667E+00
 -1        37-9.39328E+01 3.87722E-01 3.45954E-01 1.60653E-01-2.22822E-02-4.16667E+00
 -1        38 1.57407E-10-1.86406E-13-6.21725E-14 5.69261E-12-2.22822E-02-4.16667E+00
 -1        39 9.39328E+01-3.87722E-01-3.45954E-01-1.60653E-01-2.22822E-02-4.16667E+00
 -1        40-9.39328E+01 3.87722E-01 3.45954E-01 4.65972E-12 2.37955E-13-4.16667E+00
 -1        41 1.88827E-12 2.37754E-13 7.06935E-13 5.73727E-12 1.92780E-13-4.16667E+00
 -1        42 9.39328E+01-3.87722E-01-3.45954E-01 6.81483E-12 1.47618E-13-4.16667E+00
 -1        43-9.39328E+01 3.87722E-01 3.45954E-01-1.60653E-01 2.22822E-02-4.16667E+00
 -1        44-1.53630E-10 6.61915E-13 1.47604E-12 5.78193E-12 2.22822E-02-4.16667E+00
 -1        45 9.39328E+01-3.87722E-01-3.45954E-01 1.60653E-01 2.22822E-02-4.16667E+00
 -1        46-7.83023E+01-5.30895E-01-2.80835E-01-1.31446E-01 1.58435E-02-4.16667E+00
 -1        47 1.20060E-10-5.99576E-13-2.82663E-13 5.98835E-12 1.58435E-02-4.16667E+00
 -1        48 7.83023E+01 5.30895E-01 2.80835E-01 1.31446E-01 1.58435E-02-4.16667E+00
 -1        49-7.83023E+01-5.30895E-01-2.80835E-01 6.36954E-12 8.70151E-13-4.16667E+00
 -1        50 2.06768E-12-4.38316E-13 1.28320E-12 6.06855E-12 8.09745E-13-4.16667E+00
 -1        51 7.83023E+01 5.30895E-01 2.80835E-01 5.76755E-12 7.49331E-13-4.16667E+00
 -1        52-7.83023E+01-5.30895E-01-2.80835E-01 1.31446E-01-1.58435E-02-4.16667E+00
 -1        53-1.15925E-10-2.77056E-13 2.84905E-12 6.14875E-12-1.58435E-02-4.16667E+00
 -1        54 7.83023E+01 5.30895E-01 2.80835E-01-1.31446E-01-1.58435E-02-4.16667E+00
 -1        55-6.26232E+01 1.89081E-01 2.26098E-01 1.17153E-01-1.49450E-02-4.16667E+00
 -1        56 7.97993E-11-1.45089E-12-1.27770E-12 6.37695E-12-1.49450E-02-4.16667E+00
 -1        57 6.26232E+01-1.89081E-01-2.26098E-01-1.17153E-01-1.49450E-02-4.16667E+00
 -1        58-6.26232E+01 1.89081E-01 2.26098E-01 7.97784E-12 4.03164E-13-4.16667E+00
 -1        59 1.64846E-12-1.83020E-13 2.51305E-12 6.41834E-12-4.07105E-14-4.16667E+00
 -1        60 6.26232E+01-1.89081E-01-2.26098E-01 4.85884E-12-4.84585E-13-4.16667E+00
 -1        61-6.26232E+01 1.89081E-01 2.26098E-01-1.17153E-01 1.49450E-02-4.16667E+00
 -1        62-7.65024E-11 1.08485E-12 6.30379E-12 6.45972E-12 1.49450E-02-4.16667E+00
 -1        63 6.26232E+01-1.89081E-01-2.26098E-01 1.17153E-01 1.49450E-02-4.16667E+00
 -1        64-4.69812E+01-2.96633E-01-1.80268E-01-9.18904E-02 1.82404E-02-4.16667E+00
 -1        65 3.98757E-11-4.83169E-13-2.28506E-12 6.02808E-12 1.82404E-02-4.16667E+00
 -1        66 4.69812E+01 2.96633E-01 1.80268E-01 9.18904E-02 1.82404E-02-4.16667E+00
 -1        67-4.69812E+01-2.96633E-01-1.80268E-01 7.81855E-12 4.65537E-13-4.16667E+00
 -1        68 1.48503E-12 5.64028E-13 8.47045E-13 6.03399E-12-2.94095E-13-4.16667E+00
 -1        69 4.69812E+01 2.96633E-01 1.80268E-01 4.24942E-12-1.05373E-12-4.16667E+00
 -1        70-4.69812E+01-2.96633E-01-1.80268E-01 9.18904E-02-1.82404E-02-4.16667E+00
 -1        71-3.69056E-11 1.61123E-12 3.97915E-12 6.03989E-12-1.82404E-02-4.16667E+00
 -1        72 4.69812E+01 2.96633E-01 1.80268E-01-9.18904E-02-1.82404E-02-4.16667E+00
 -1        73-3.13108E+01 1.11809E-01 1.41865E-01 9.00723E-02-2.50275E-02-4.16667E+00
 -1        74 1.11218E-11-1.70332E-12-3.20738E-12 2.91242E-12-2.50275E-02-4.16667E+00
 -1        75 3.13108E+01-1.11809E-01-1.41865E-01-9.00723E-02-2.50275E-02-4.16667E+00
 -1        76-3.13108E+01 1.11809E-01 1.41865E-01 5.67099E-12 4.96533E-13-4.16667E+00
 -1        77 1.31450E-12-6.34937E-13-2.08072E-12 2.98669E-12 5.27169E-13-4.16667E+00
 -1        78 3.13108E+01-1.11809E-01-1.41865E-01 3.02383E-13 5.57790E-13-4.16667E+00
 -1        79-3.13108E+01 1.11809E-01 1.41865E-01-9.00723E-02 2.50275E-02-4.16667E+00
 -1        80-8.49276E-12 4.33445E-13-9.54070E-13 3.06095E-12 2.50275E-02-4.16667E+00
 -1        81 3.13108E+01-1.11809E-01-1.41865E-01 9.00723E-02 2.50275E-02-4.16667E+00
 -1        82-1.56622E+01-1.49484E-01-1.09469E-01-8.36639E-02 3.50917E-02-4.16667E+00
 -1        83 5.95080E-13 7.29659E-13 7.56617E-13-3.05495E-13 3.50917E-02-4.16667E+00
 -1        84 1.56622E+01 1.49484E-01 1.09469E-01 8.36639E-02 3.50917E-02-4.16667E+00
 -1        85-1.56622E+01-1.49484E-01-1.09469E-01 1.91874E-12 6.24931E-13-4.16667E+00
 -1        86 8.02025E-13 3.86713E-13 1.41540E-13-3.71595E-14 5.52211E-13-4.16667E+00
 -1        87 1.56622E+01 1.49484E-01 1.09469E-01-1.99306E-12 4.79505E-13-4.16667E+00
 -1        88-1.56622E+01-1.49484E-01-1.09469E-01 8.36639E-02-3.50917E-02-4.16667E+00
 -1        89 1.00897E-12 4.37671E-14-4.73538E-13 2.31176E-13-3.50917E-02-4.16667E+00
 -1        90 1.56622E+01 1.49484E-01 1.09469E-01-8.36639E-02-3.50917E-02-4.16667E+00
 -1        91-7.81625E+00-1.10538E-01 8.25687E-01 1.00837E-01 3.67869E-01-4.16667E+00
 -1        92-1.81188E-13 1.60234E-12 3.75255E-12-2.24827E-13 3.67869E-01-4.16667E+00
 -1        93 7.81625E+00 1.10538E-01-8.25687E-01-1.00837E-01 3.67869E-01-4.16667E+00
 -1        94-7.81625E+00-1.10538E-01 8.25687E-01-7.24809E-13 8.32778E-13-4.16667E+00
 -1        95 3.92575E-13 1.39333E-12 3.05364E-12-2.98140E-13 7.30499E-13-4.16667E+00
 -1        96 7.81625E+00 1.10538E-01-8.25687E-01 1.28529E-13 6.28220E-13-4.16667E+00
 -1        97-7.81625E+00-1.10538E-01 8.25687E-01-1.00837E-01-3.67869E-01-4.16667E+00
 -1        98 9.66338E-13 1.18432E-12 2.35473E-12-3.71453E-13-3.67869E-01-4.16667E+00
 -1        99 7.81625E+00 1.10538E-01-8.25687E-01 1.00837E-01-3.67869E-01-4.16667E+00
 -3
    1PSTEP                         3           1           1          
  100CL  101 1.000000000          99                     0    1           1
 -4  TOSTRAIN    6    1
 -5  EXX         1    4    1    1
 -5  EYY         1    4    2    2
 -5  EZZ         1    4    3    3
 -5  EXY         1    4    1    2
 -5  EYZ         1    4    2    3
 -5  EZX         1    4    3    1
 -1         1-7.21808E-04 1.77533E-04 1.97507E-04-1.49359E-05 1.90486E-06-2.68750E-05
 -1         2 1.41830E-15-4.34101E-16-2.91230E-16 3.92769E-17 1.90486E-06-2.68750E-05
 -1         3 7.21808E-04-1.77533E-04-1.97507E-04 1.49359E-05 1.90486E-06-2.68750E-05
 -1         4-7.21808E-04 1.77533E-04 1.97507E-04 2.52128E-17-1.56023E-17-2.68750E-05
 -1         5 7.39968E-18-2.81893E-18-6.09864E-19 4.06529E-17-2.02949E-18-2.68750E-05
 -1         6 7.21808E-04-1.77533E-04-1.97507E-04 5.60931E-17 1.15434E-17-2.68750E-05
 -1         7-7.21808E-04 1.77533E-04 1.97507E-04 1.49359E-05-1.90486E-06-2.68750E-05
 -1         8-1.40350E-15 4.28463E-16 2.90011E-16 4.20289E-17-1.90486E-06-2.68750E-05
 -1         9 7.21808E-04-1.77533E-04-1.97507E-04-1.49359E-05-1.90486E-06-2.68750E-05
 -1        10-7.01706E-04 1.97771E-04 2.03478E-04-6.64475E-07 6.58978E-07-2.68750E-05
 -1        11 1.35718E-15-4.06210E-16-3.58451E-16 4.10565E-17 6.58978E-07-2.68750E-05
 -1        12 7.01706E-04-1.97771E-04-2.03478E-04 6.64475E-07 6.58978E-07-2.68750E-05
 -1        13-7.01706E-04 1.97771E-04 2.03478E-04 2.64423E-17-7.01174E-18-2.68750E-05
 -1        14 7.94178E-18-2.81554E-18-1.76183E-18 4.09280E-17 5.25160E-20-2.68750E-05
 -1        15 7.01706E-04-1.97771E-04-2.03478E-04 5.54137E-17 7.11677E-18-2.68750E-05
 -1        16-7.01706E-04 1.97771E-04 2.03478E-04 6.64475E-07-6.58978E-07-2.68750E-05
 -1        17-1.34129E-15 4.00579E-16 3.54927E-16 4.07995E-17-6.58978E-07-2.68750E-05
 -1        18 7.01706E-04-1.97771E-04-2.03478E-04-6.64475E-07-6.58978E-07-2.68750E-05
 -1        19-6.28049E-04 1.84689E-04 1.83047E-04 1.05707E-06-3.97056E-07-2.68750E-05
 -1        20 1.17457E-15-3.36089E-16-3.53321E-16 4.05428E-17-3.97056E-07-2.68750E-05
 -1        21 6.28049E-04-1.84689E-04-1.83047E-04-1.05707E-06-3.97056E-07-2.68750E-05
 -1        22-6.28049E-04 1.84689E-04 1.83047E-04 2.71588E-17 2.34289E-18-2.68750E-05
 -1        23 8.97177E-18-8.47033E-20-5.63785E-18 4.10570E-17 2.14299E-19-2.68750E-05
 -1        24 6.28049E-04-1.84689E-04-1.83047E-04 5.49551E-17-1.91429E-18-2.68750E-05
 -1        25-6.28049E-04 1.84689E-04 1.83047E-04-1.05707E-06 3.97056E-07-2.68750E-05
 -1        26-1.15663E-15 3.35920E-16 3.42045E-16 4.15711E-17 3.97056E-07-2.68750E-05
 -1        27 6.28049E-04-1.84689E-04-1.83047E-04 1.05707E-06 3.97056E-07-2.68750E-05
 -1        28-5.46189E-04 1.54977E-04 1.58177E-04-1.06823E-06 2.35049E-07-2.68750E-05
 -1        29 9.69494E-16-2.83797E-16-2.68780E-16 3.94980E-17 2.35049E-07-2.68750E-05
 -1        30 5.46189E-04-1.54977E-04-1.58177E-04 1.06823E-06 2.35049E-07-2.68750E-05
 -1        31-5.46189E-04 1.54977E-04 1.58177E-04 2.51865E-17-1.06896E-18-2.68750E-05
 -1        32 8.19928E-18-2.23956E-18-2.63597E-18 3.93400E-17-1.00373E-18-2.68750E-05
 -1        33 5.46189E-04-1.54977E-04-1.58177E-04 5.34935E-17-9.38513E-19-2.68750E-05
 -1        34-5.46189E-04 1.54977E-04 1.58177E-04 1.06823E-06-2.35049E-07-2.68750E-05
 -1        35-9.53095E-16 2.79318E-16 2.63509E-16 3.91821E-17-2.35049E-07-2.68750E-05
 -1        36 5.46189E-04-1.54977E-04-1.58177E-04-1.06823E-06-2.35049E-07-2.68750E-05
 -1        37-4.70728E-04 1.37640E-04 1.37370E-04 1.03621E-06-1.43720E-07-2.68750E-05
 -1        38 7.87402E-16-2.29085E-16-2.28279E-16 3.67176E-17-1.43720E-07-2.68750E-05
 -1        39 4.70728E-04-1.37640E-04-1.37370E-04-1.03621E-06-1.43720E-07-2.68750E-05
 -1        40-4.70728E-04 1.37640E-04 1.37370E-04 3.00553E-17 1.53482E-18-2.68750E-05
 -1        41 8.07731E-18-2.57329E-18 4.50622E-19 3.70055E-17 1.24344E-18-2.68750E-05
 -1        42 4.70728E-04-1.37640E-04-1.37370E-04 4.39557E-17 9.52065E-19-2.68750E-05
 -1        43-4.70728E-04 1.37640E-04 1.37370E-04-1.03621E-06 1.43720E-07-2.68750E-05
 -1        44-7.71247E-16 2.23939E-16 2.29180E-16 3.72934E-17 1.43720E-07-2.68750E-05
 -1        45 4.70728E-04-1.37640E-04-1.37370E-04 1.03621E-06 1.43720E-07-2.68750E-05
 -1        46-3.90335E-04 1.11291E-04 1.12904E-04-8.47825E-07 1.02191E-07-2.68750E-05
 -1        47 6.01583E-16-1.76667E-16-1.74641E-16 3.86251E-17 1.02191E-07-2.68750E-05
 -1        48 3.90335E-04-1.11291E-04-1.12904E-04 8.47825E-07 1.02191E-07-2.68750E-05
 -1        49-3.90335E-04 1.11291E-04 1.12904E-04 4.10836E-17 5.61244E-18-2.68750E-05
 -1        50 9.11407E-18-7.04054E-18 4.04374E-18 3.91422E-17 5.22281E-18-2.68750E-05
 -1        51 3.90335E-04-1.11291E-04-1.12904E-04 3.72008E-17 4.83317E-18-2.68750E-05
 -1        52-3.90335E-04 1.11291E-04 1.12904E-04 8.47825E-07-1.02191E-07-2.68750E-05
 -1        53-5.83355E-16 1.62586E-16 1.82729E-16 3.96594E-17-1.02191E-07-2.68750E-05
 -1        54 3.90335E-04-1.11291E-04-1.12904E-04-8.47825E-07-1.02191E-07-2.68750E-05
 -1        55-3.13718E-04 9.14212E-05 9.16599E-05 7.55638E-07-9.63954E-08-2.68750E-05
 -1        56 4.02944E-16-1.21109E-16-1.19994E-16 4.11313E-17-9.63954E-08-2.68750E-05
 -1        57 3.13718E-04-9.14212E-05-9.16599E-05-7.55638E-07-9.63954E-08-2.68750E-05
 -1        58-3.13718E-04 9.14212E-05 9.16599E-05 5.14570E-17 2.60039E-18-2.68750E-05
 -1        59 4.85858E-18-6.94736E-18 1.04388E-17 4.13982E-17-2.62580E-19-2.68750E-05
 -1        60 3.13718E-04-9.14212E-05-9.16599E-05 3.13394E-17-3.12555E-18-2.68750E-05
 -1        61-3.13718E-04 9.14212E-05 9.16599E-05-7.55638E-07 9.63954E-08-2.68750E-05
 -1        62-3.93227E-16 1.07214E-16 1.40872E-16 4.16651E-17 9.63954E-08-2.68750E-05
 -1        63 3.13718E-04-9.14212E-05-9.16599E-05 7.55638E-07 9.63954E-08-2.68750E-05
 -1        64-2.34215E-04 6.69010E-05 6.76516E-05-5.92693E-07 1.17651E-07-2.68750E-05
 -1        65 2.03383E-16-5.69240E-17-6.85385E-17 3.88809E-17 1.17651E-07-2.68750E-05
 -1        66 2.34215E-04-6.69010E-05-6.76516E-05 5.92693E-07 1.17651E-07-2.68750E-05
 -1        67-2.34215E-04 6.69010E-05 6.76516E-05 5.04296E-17 3.00273E-18-2.68750E-05
 -1        68 5.37697E-18-5.64971E-19 1.26716E-18 3.89192E-17-1.89693E-18-2.68750E-05
 -1        69 2.34215E-04-6.69010E-05-6.76516E-05 2.74087E-17-6.79659E-18-2.68750E-05
 -1        70-2.34215E-04 6.69010E-05 6.76516E-05 5.92693E-07-1.17651E-07-2.68750E-05
 -1        71-1.92629E-16 5.57941E-17 7.10728E-17 3.89574E-17-1.17651E-07-2.68750E-05
 -1        72 2.34215E-04-6.69010E-05-6.76516E-05-5.92693E-07-1.17651E-07-2.68750E-05
 -1        73-1.56922E-04 4.57540E-05 4.59478E-05 5.80967E-07-1.61428E-07-2.68750E-05
 -1        74 6.27279E-17-1.99934E-17-2.96902E-17 1.87851E-17-1.61428E-07-2.68750E-05
 -1        75 1.56922E-04-4.57540E-05-4.59478E-05-5.80967E-07-1.61428E-07-2.68750E-05
 -1        76-1.56922E-04 4.57540E-05 4.59478E-05 3.65779E-17 3.20263E-18-2.68750E-05
 -1        77 1.05117E-17-2.06507E-18-1.13888E-17 1.92641E-17 3.40020E-18-2.68750E-05
 -1        78 1.56922E-04-4.57540E-05-4.59478E-05 1.95040E-18 3.59777E-18-2.68750E-05
 -1        79-1.56922E-04 4.57540E-05 4.59478E-05-5.80967E-07 1.61428E-07-2.68750E-05
 -1        80-4.17045E-17 1.58632E-17 6.91264E-18 1.97432E-17 1.61428E-07-2.68750E-05
 -1        81 1.56922E-04-4.57540E-05-4.59478E-05 5.80967E-07 1.61428E-07-2.68750E-05
 -1        82-7.79353E-05 2.21214E-05 2.23795E-05-5.39632E-07 2.26341E-07-2.68750E-05
 -1        83 8.21622E-19 1.68771E-18 1.86263E-18-1.97041E-18 2.26341E-07-2.68750E-05
 -1        84 7.79353E-05-2.21214E-05-2.23795E-05 5.39632E-07 2.26341E-07-2.68750E-05
 -1        85-7.79353E-05 2.21214E-05 2.23795E-05 1.23759E-17 4.03082E-18-2.68750E-05
 -1        86 3.24498E-18 5.65394E-19-1.01602E-18-2.39631E-19 3.56183E-18-2.68750E-05
 -1        87 7.79353E-05-2.21214E-05-2.23795E-05-1.28552E-17 3.09283E-18-2.68750E-05
 -1        88-7.79353E-05 2.21214E-05 2.23795E-05 5.39632E-07-2.26341E-07-2.68750E-05
 -1        89 5.66834E-18-5.56924E-19-3.89466E-18 1.49115E-18-2.26341E-07-2.68750E-05
 -1        90 7.79353E-05-2.21214E-05-2.23795E-05-5.39632E-07-2.26341E-07-2.68750E-05
 -1        91-4.01182E-05 9.58363E-06 1.56223E-05 6.50398E-07 2.37275E-06-2.68750E-05
 -1        92-8.67023E-18 2.83333E-18 1.67018E-17-1.45012E-18 2.37275E-06-2.68750E-05
 -1        93 4.01182E-05-9.58363E-06-1.56223E-05-6.50398E-07 2.37275E-06-2.68750E-05
 -1        94-4.01182E-05 9.58363E-06 1.56223E-05-4.67499E-18 5.37146E-18-2.68750E-05
 -1        95-4.48419E-18 1.96935E-18 1.26784E-17-1.92298E-18 4.71173E-18-2.68750E-05
 -1        96 4.01182E-05-9.58363E-06-1.56223E-05 8.29033E-19 4.05199E-18-2.68750E-05
 -1        97-4.01182E-05 9.58363E-06 1.56223E-05-6.50398E-07-2.37275E-06-2.68750E-05
 -1        98-2.98156E-19 1.10538E-18 8.65498E-18-2.39583E-18-2.37275E-06-2.68750E-05
 -1        99 4.01182E-05-9.58363E-06-1.56223E-05 6.50398E-07-2.37275E-06-2.68750E-05
 -3
    1PSTEP                         4           1           1          
  100CL  101 1.000000000          99                     0    1           1
 -4  FORC        4    1
 -5  F1          1    2    1    0
 -5  F2          1    2    2    0
 -5  F3          1    2    3    0
 -5  ALL         1    2    0    0    1ALL
 -1         1 2.61714E+05 5.26332E+04 2.55883E+04
 -1         2-9.57331E-07-1.14731E-07-3.44660E+04
 -1         3-2.61714E+05-5.26332E+04 2.55883E+04
 -1         4 4.76572E+05 8.71082E-08 5.94660E+04
 -1         5-9.69177E-09 6.71268E-08-5.23532E+04
 -1         6-4.76572E+05 6.58686E-08 5.94660E+04
 -1         7 2.61714E+05-5.26332E+04 2.55883E+04
 -1         8 9.56021E-07-1.13875E-07-3.44660E+04
 -1         9-2.61714E+05 5.26332E+04 2.55883E+04
 -1        10-1.30939E-09-1.13175E-09 9.52305E-10
 -1        11-7.51811E-10 8.75389E-11-1.47556E-09
 -1        12 6.41194E-11 1.07946E-09-1.36422E-09
 -1        13-1.61015E-09-5.64569E-10 3.66697E-09
 -1        14 4.00291E-10-1.25476E-09 2.53862E-09
 -1        15 1.91483E-09 3.13207E-10 2.00089E-09
 -1        16-1.10617E-10 1.34378E-10 4.93284E-10
 -1        17 3.74598E-10-8.00583E-10 2.21008E-09
 -1        18 5.11704E-10 6.83258E-11 5.38838E-11
 -1        19-7.47661E-10-2.24151E-09 2.03266E-09
 -1        20 5.08237E-10-3.28242E-09 5.66455E-09
 -1        21 1.89169E-09-4.12609E-09-4.41576E-09
 -1        22-5.87931E-09-4.19737E-09-4.60178E-09
 -1        23-4.15747E-09 2.41118E-09-1.23150E-08
 -1        24 1.98946E-09 3.40981E-09-1.30731E-08
 -1        25-6.10839E-10 5.56071E-09 9.35150E-10
 -1        26-1.59781E-09 3.27054E-09 1.23545E-08
 -1        27 2.36884E-09 2.65118E-10 4.98892E-10
 -1        28 2.46911E-09 4.67173E-09 9.18317E-11
 -1        29-9.72022E-12-5.26325E-09-5.00602E-09
 -1        30 8.06892E-10-7.72354E-09 4.55997E-09
 -1        31 3.16555E-09 6.87862E-10-1.74633E-08
 -1        32 2.55005E-09 4.37319E-09-1.70613E-08
 -1        33 6.80416E-11 1.14301E-08-2.00661E-08
 -1        34 6.86100E-11 1.53278E-09 3.39797E-09
 -1        35 6.11351E-10 4.73062E-09-2.22766E-08
 -1        36 2.12566E-09-2.75327E-09-1.61641E-08
 -1        37-3.18664E-09 1.35212E-09 6.87898E-09
 -1        38 3.21495E-09-5.95067E-09-4.19944E-09
 -1        39 2.50225E-09 1.88433E-09 2.61860E-09
 -1        40-8.53447E-09-1.36678E-08-2.34290E-08
 -1        41-9.64314E-09 1.18746E-08-5.71140E-08
 -1        42 4.85386E-09 7.62118E-09 1.33249E-08
 -1        43-9.39258E-09-1.10941E-08-9.11999E-09
 -1        44-7.64635E-09 4.34777E-09-6.19885E-09
 -1        45 3.52986E-09 9.32754E-09 1.34809E-08
 -1        46 3.71404E-09 9.92355E-09 7.86104E-09
 -1        47 7.28789E-10 1.56476E-08-2.70987E-08
 -1        48 2.75480E-09 3.32764E-09-7.97830E-09
 -1        49-1.22843E-08-3.65292E-08-5.38429E-09
 -1        50-1.22242E-09-2.98706E-08 7.06266E-08
 -1        51 1.26254E-08 7.95211E-09 1.48177E-08
 -1        52-2.73513E-09-2.30585E-09-1.92935E-08
 -1        53 2.54482E-09 4.24819E-10 2.52388E-09
 -1        54 9.45164E-09 9.84306E-09 9.09222E-09
 -1        55 7.09781E-09 3.93075E-09 2.72030E-09
 -1        56 2.22548E-09 4.16900E-08-4.68670E-09
 -1        57 2.59723E-09 4.69054E-09-4.28555E-09
 -1        58-8.10189E-09-4.71478E-08-6.81932E-08
 -1        59-7.36901E-09-2.07483E-08 4.04133E-08
 -1        60 1.55714E-08 1.58733E-09-6.60684E-10
 -1        61 1.16529E-10 1.81181E-08-3.61206E-08
 -1        62-2.96285E-09 8.09165E-09-2.18690E-08
 -1        63-4.67202E-09-5.41937E-09 5.55518E-08
 -1        64-2.84754E-09-1.52187E-08-5.27884E-09
 -1        65 3.85970E-09 3.86496E-08 3.66812E-08
 -1        66-8.01776E-11 6.34850E-09-1.38592E-08
 -1        67-1.01758E-09-5.08504E-09-2.30519E-08
 -1        68 2.38867E-09-5.27218E-08 7.99369E-09
 -1        69 4.41389E-10-5.00496E-08-1.92149E-08
 -1        70-2.64177E-09 2.43684E-08-7.77450E-09
 -1        71 4.82726E-09 5.58178E-08-3.96230E-08
 -1        72-1.73469E-09 1.15433E-08 1.49346E-08
 -1        73-3.11928E-10 2.04767E-08 6.54771E-08
 -1        74 2.60206E-09 5.12332E-08 2.77719E-08
 -1        75 7.85695E-09 2.35510E-08 1.28499E-08
 -1        76 1.18584E-08-1.28162E-08 4.67508E-08
 -1        77-1.75686E-09-1.30420E-08-1.22209E-07
 -1        78-1.64654E-08 3.75843E-08 2.27923E-08
 -1        79-6.77889E-09-9.44083E-09 8.89890E-09
 -1        80 3.48763E-09 2.38594E-08 1.48651E-07
 -1        81 4.54099E-09 1.12105E-08 1.21572E-09
 -1        82-2.45805E-09 1.91149E-08 2.63956E-08
 -1        83 8.82648E-09-1.65474E-09-6.03555E-08
 -1        84 1.26751E-08-3.60603E-08 2.46424E-08
 -1        85-1.51365E-08-1.71585E-08-2.80357E-09
 -1        86-9.10399E-09-7.99218E-09-1.42534E-07
 -1        87 1.80760E-08 2.97764E-08 3.12266E-08
 -1        88 4.95558E-09 2.41507E-08 2.08752E-08
 -1        89-3.98842E-09 1.70976E-08 6.80569E-08
 -1        90 5.78672E-09-1.47474E-08-2.11715E-08
 -1        91-3.04996E-09-1.03502E-08-1.11111E+04
 -1        92 5.82185E-09-1.31015E-08-1.11111E+04
 -1        93 2.02766E-09-1.57478E-08-1.11111E+04
 -1        94-1.72169E-08-1.02241E-08-1.11111E+04
 -1        95 2.78277E-09 1.15900E-08-1.11111E+04
 -1        96 1.86699E-08 1.79419E-08-1.11111E+04
 -1        97 3.13608E-09 4.18132E-09-1.11111E+04
 -1        98-2.25413E-09 1.55160E-09-1.11111E+04
 -1        99-4.93799E-10 7.00396E-09-1.11111E+04
 -3
    1PSTEP                         5           1           1          
  100CL  101 1.000000000          99                     0    1           1
 -4  ERROR       1    1
 -5  STR(%)      1    1    0    0
 -1         1 0.00000E+00
 -1         2 0.00000E+00
 -1         3 0.00000E+00
 -1         4 0.00000E+00
 -1         5 0.00000E+00
 -1         6 0.00000E+00
 -1         7 0.00000E+00
 -1         8 0.00000E+00
 -1         9 0.00000E+00
 -1        10 0.00000E+00
 -1        11 0.00000E+00
 -1        12 0.00000E+00
 -1        13 0.00000E+00
 -1        14 0.00000E+00
 -1        15 0.00000E+00
 -1        16 0.00000E+00
 -1        17 0.00000E+00
 -1        18 0.00000E+00
 -1        19 0.00000E+00
 -1        20 0.00000E+00
 -1        21 0.00000E+00
 -1        22 0.00000E+00
 -1        23 0.00000E+00
 -1        24 0.00000E+00
 -1        25 0.00000E+00
 -1        26 0.00000E+00
 -1        27 0.00000E+00
 -1        28 0.00000E+00
 -1        29 0.00000E+00
 -1        30 0.00000E+00
 -1        31 0.00000E+00
 -1        32 0.00000E+00
 -1        33 0.00000E+00
 -1        34 0.00000E+00
 -1        35 0.00000E+00
 -1        36 0.00000E+00
 -1        37 0.00000E+00
 -1        38 0.00000E+00
 -1        39 0.00000E+00
 -1        40 0.00000E+00
 -1        41 0.00000E+00
 -1        42 0.00000E+00
 -1        43 0.00000E+00
 -1        44 0.00000E+00
 -1        45 0.00000E+00
 -1        46 0.00000E+00
 -1        47 0.00000E+00
 -1        48 0.00000E+00
 -1        49 0.00000E+00
 -1        50 0.00000E+00
 -1        51 0.00000E+00
 -1        52 0.00000E+00
 -1        53 0.00000E+00
 -1        54 0.00000E+00
 -1        55 0.00000E+00
 -1        56 0.00000E+00
 -1        57 0.00000E+00
 -1        58 0.00000E+00
 -1        59 0.00000E+00
 -1        60 0.00000E+00
 -1        61 0.00000E+00
 -1        62 0.00000E+00
 -1        63 0.00000E+00
 -1        64 0.00000E+00
 -1        65 0.00000E+00
 -1        66 0.00000E+00
 -1        67 0.00000E+00
 -1        68 0.00000E+00
 -1        69 0.00000E+00
 -1        70 0.00000E+00
 -1        71 0.00000E+00
 -1        72 0.00000E+00
 -1        73 0.00000E+00
 -1        74 0.00000E+00
 -1        75 0.00000E+00
 -1        76 0.00000E+00
 -1        77 0.00000E+00
 -1        78 0.00000E+00
 -1        79 0.00000E+00
 -1        80 0.00000E+00
 -1        81 0.00000E+00
 -1        82 0.00000E+00
 -1        83 0.00000E+00
 -1        84 0.00000E+00
 -1        85 0.00000E+00
 -1        86 0.00000E+00
 -1        87 0.00000E+00
 -1        88 0.00000E+00
 -1        89 0.00000E+00
 -1        90 0.00000E+00
 -1        91 0.00000E+00
 -1        92 0.00000E+00
 -1        93 0.00000E+00
 -1        94 0.00000E+00
 -1        95 0.00000E+00
 -1        96 0.00000E+00
 -1        97 0.00000E+00
 -1        98 0.00000E+00
 -1        99 0.00000E+00
 -3
 9999
